ERROR - 2026-06-17 05:58:17 --> Error connecting to the database: Error: Class "SQLite3" not found in /home/chiu/Documents/ITU/L2/S4/Systeme d'information/Exo/SUPERMARKET/system/Database/SQLite3/Connection.php:111
Stack trace:
#0 /home/chiu/Documents/ITU/L2/S4/Systeme d'information/Exo/SUPERMARKET/system/Database/BaseConnection.php(555): CodeIgniter\Database\SQLite3\Connection->connect()
#1 /home/chiu/Documents/ITU/L2/S4/Systeme d'information/Exo/SUPERMARKET/system/Database/SQLite3/Connection.php(74): CodeIgniter\Database\BaseConnection->initialize()
#2 /home/chiu/Documents/ITU/L2/S4/Systeme d'information/Exo/SUPERMARKET/system/Database/BaseConnection.php(795): CodeIgniter\Database\SQLite3\Connection->initialize()
#3 /home/chiu/Documents/ITU/L2/S4/Systeme d'information/Exo/SUPERMARKET/system/Database/BaseConnection.php(1706): CodeIgniter\Database\BaseConnection->query()
#4 /home/chiu/Documents/ITU/L2/S4/Systeme d'information/Exo/SUPERMARKET/system/Commands/Database/ShowTableInfo.php(121): CodeIgniter\Database\BaseConnection->listTables()
#5 /home/chiu/Documents/ITU/L2/S4/Systeme d'information/Exo/SUPERMARKET/system/CLI/Commands.php(74): CodeIgniter\Commands\Database\ShowTableInfo->run()
#6 /home/chiu/Documents/ITU/L2/S4/Systeme d'information/Exo/SUPERMARKET/system/CLI/Console.php(47): CodeIgniter\CLI\Commands->run()
#7 /home/chiu/Documents/ITU/L2/S4/Systeme d'information/Exo/SUPERMARKET/system/Boot.php(442): CodeIgniter\CLI\Console->run()
#8 /home/chiu/Documents/ITU/L2/S4/Systeme d'information/Exo/SUPERMARKET/system/Boot.php(166): CodeIgniter\Boot::runCommand()
#9 /home/chiu/Documents/ITU/L2/S4/Systeme d'information/Exo/SUPERMARKET/spark(87): CodeIgniter\Boot::bootSpark()
#10 {main}
CRITICAL - 2026-06-17 05:58:17 --> CodeIgniter\Database\Exceptions\DatabaseException: Unable to connect to the database.
Main connection [SQLite3]: Class "SQLite3" not found
[Method: CLI, Route: db:table]
in SYSTEMPATH/Database/BaseConnection.php on line 606.
 1 SYSTEMPATH/Database/SQLite3/Connection.php(74): CodeIgniter\Database\BaseConnection->initialize()
 2 SYSTEMPATH/Database/BaseConnection.php(795): CodeIgniter\Database\SQLite3\Connection->initialize()
 3 SYSTEMPATH/Database/BaseConnection.php(1706): CodeIgniter\Database\BaseConnection->query()
 4 SYSTEMPATH/Commands/Database/ShowTableInfo.php(121): CodeIgniter\Database\BaseConnection->listTables()
 5 SYSTEMPATH/CLI/Commands.php(74): CodeIgniter\Commands\Database\ShowTableInfo->run()
 6 SYSTEMPATH/CLI/Console.php(47): CodeIgniter\CLI\Commands->run()
 7 SYSTEMPATH/Boot.php(442): CodeIgniter\CLI\Console->run()
 8 SYSTEMPATH/Boot.php(166): CodeIgniter\Boot::runCommand()
 9 ROOTPATH/spark(87): CodeIgniter\Boot::bootSpark()
CRITICAL - 2026-06-17 05:58:41 --> Error: Class "CodeIgniter\Database\SQLite\Connection" not found
[Method: CLI, Route: db:table]
in SYSTEMPATH/Database/Database.php on line 147.
 1 SYSTEMPATH/Database/Database.php(61): CodeIgniter\Database\Database->initDriver()
 2 SYSTEMPATH/Database/Config.php(82): CodeIgniter\Database\Database->load()
 3 SYSTEMPATH/Commands/Database/ShowTableInfo.php(110): CodeIgniter\Database\Config::connect()
 4 SYSTEMPATH/CLI/Commands.php(74): CodeIgniter\Commands\Database\ShowTableInfo->run()
 5 SYSTEMPATH/CLI/Console.php(47): CodeIgniter\CLI\Commands->run()
 6 SYSTEMPATH/Boot.php(442): CodeIgniter\CLI\Console->run()
 7 SYSTEMPATH/Boot.php(166): CodeIgniter\Boot::runCommand()
 8 ROOTPATH/spark(87): CodeIgniter\Boot::bootSpark()
CRITICAL - 2026-06-17 06:00:05 --> Error: Class "CodeIgniter\Database\SQLite\Connection" not found
[Method: CLI, Route: db:table]
in SYSTEMPATH/Database/Database.php on line 147.
 1 SYSTEMPATH/Database/Database.php(61): CodeIgniter\Database\Database->initDriver()
 2 SYSTEMPATH/Database/Config.php(82): CodeIgniter\Database\Database->load()
 3 SYSTEMPATH/Commands/Database/ShowTableInfo.php(110): CodeIgniter\Database\Config::connect()
 4 SYSTEMPATH/CLI/Commands.php(74): CodeIgniter\Commands\Database\ShowTableInfo->run()
 5 SYSTEMPATH/CLI/Console.php(47): CodeIgniter\CLI\Commands->run()
 6 SYSTEMPATH/Boot.php(442): CodeIgniter\CLI\Console->run()
 7 SYSTEMPATH/Boot.php(166): CodeIgniter\Boot::runCommand()
 8 ROOTPATH/spark(87): CodeIgniter\Boot::bootSpark()
